current: -0.0
current: -0.0
current: -0.0
current: -0.0
current: -0.0
current: -0.0
current: -0.0
current: -0.0
current: -0.0
current: -0.0
current: -0.0
current: -0.0
current: -0.0
current: -0.0
current: -0.0
current: -0.0
current: -0.0
current: -0.0
current: -0.0
current: -0.0
current: -1.57000005245
current: -6.05999994278
current: -22.0100002289
current: -32.5699996948
current: -30.8999996185
current: -29.9899997711
current: -29.7399997711
current: -28.7399997711
current: -27.75
current: -27.6599998474
current: -28.4099998474
current: -29.5699996948
current: -29.9099998474
current: -30.0699996948
current: -30.0699996948
current: -30.0699996948
current: -30.0699996948
current: -30.1599998474
current: -30.0699996948
current: -30.1599998474
current: -30.0699996948
current: -30.0699996948
current: -30.0699996948
current: -30.0699996948
current: -30.0699996948
current: -30.0699996948
current: -30.0699996948
current: -29.9899997711
current: -29.9899997711
current: -29.9899997711
current: -29.9899997711
current: -30.0699996948
current: -30.0699996948
current: -30.0699996948
current: -29.9099998474
current: -29.9099998474
current: -29.9899997711
current: -29.9099998474
current: -29.9099998474
current: -29.9099998474
current: -29.9899997711
current: -29.9099998474
current: -29.9099998474
current: -29.9099998474
current: -29.9099998474
current: -29.8199996948
current: -29.8199996948
current: -29.6599998474
current: -29.6599998474
current: -29.5699996948
current: -29.5699996948
current: -29.6599998474
current: -29.8199996948
current: -29.9099998474
current: -29.9099998474
current: -29.9099998474
current: -29.7399997711
current: -28.0799999237
current: -27.9099998474
current: -28.7399997711
current: -29.4899997711
current: -29.9099998474
current: -30.0699996948
current: -30.0699996948
current: -30.0699996948
current: -31.6499996185
current: -31.8999996185
current: -31.8999996185
current: -31.8999996185
current: -31.8199996948
current: -31.7299995422
current: -30.1599998474
current: -29.8199996948
current: -29.6599998474
current: -29.5699996948
current: -29.4899997711
current: -29.5699996948
current: -29.5699996948
current: -29.5699996948
current: -29.6599998474
current: -29.6599998474
current: -29.6599998474
current: -29.6599998474
current: -29.6599998474
current: -29.6599998474
current: -29.6599998474
current: -29.6599998474
current: -29.6599998474
current: -29.6599998474
current: -29.6599998474
current: -29.6599998474
current: -29.5699996948
current: -29.4899997711
current: -29.4899997711
current: -29.4899997711
current: -29.6599998474
current: -29.8199996948
current: -29.8199996948
current: -29.9099998474
current: -29.8199996948
current: -28.4099998474
current: -27.9099998474
current: -27.8299999237
current: -27.75
current: -27.9099998474
current: -28.25
current: -29.4099998474
current: -30.0699996948
current: -30.1599998474
current: -30.1599998474
current: -30.1599998474
current: -30.3199996948
current: -31.6499996185
current: -31.9799995422
current: -31.9799995422
current: -31.8999996185
current: -31.9799995422
current: -31.8199996948
current: -31.7299995422
current: -31.6499996185
current: -31.4899997711
current: -29.9899997711
current: -29.6599998474
current: -29.4899997711
current: -29.4099998474
current: -29.4099998474
current: -29.4099998474
current: -29.4899997711
current: -29.4099998474
current: -29.4899997711
current: -29.4899997711
current: -29.4899997711
current: -29.4899997711
current: -29.4899997711
current: -29.5699996948
current: -29.4899997711
current: -29.4899997711
current: -29.4099998474
current: -29.4899997711
current: -29.6599998474
current: -29.6599998474
current: -29.7399997711
current: -29.7399997711
current: -29.7399997711
current: -29.7399997711
current: -29.7399997711
current: -29.7399997711
current: -29.6599998474
current: -29.1599998474
current: -27.8299999237
current: -27.75
current: -28.9099998474
current: -29.4899997711
current: -29.9099998474
current: -29.9099998474
current: -29.9899997711
current: -29.9899997711
current: -30.6499996185
current: -30.4099998474
current: -30.6499996185
current: -30.8999996185
current: -30.8999996185
current: -31.3199996948
current: -31.2399997711
current: -31.0699996948
current: -31.0699996948
current: -31.1499996185
current: -31.5699996948
current: -32.3199996948
current: -31.7299995422
current: -31.5699996948
current: -31.9799995422
current: -31.6499996185
current: -32.1500015259
current: -32.5699996948
current: -31.3999996185
current: -31.3999996185
current: -31.3999996185
current: -31.5699996948
current: -31.6499996185
current: -31.8199996948
current: -32.0699996948
current: -31.8999996185
current: -32.0699996948
current: -31.8999996185
current: -31.3199996948
current: -30.8199996948
current: -29.6599998474
current: -29.0799999237
current: -28.9899997711
current: -29.2399997711
current: -29.3299999237
current: -29.5699996948
current: -29.6599998474
current: -29.6599998474
current: -29.7399997711
current: -29.8199996948
current: -29.7399997711
current: -29.8199996948
current: -29.8199996948
current: -29.8199996948
current: -29.8199996948
current: -29.7399997711
current: -29.6599998474
current: -29.6599998474
current: -29.8199996948
current: -29.8199996948
current: -29.8199996948
current: -29.5699996948
current: -28.6599998474
current: -28.0
current: -30.4099998474
current: -30.8999996185
current: -31.0699996948
current: -30.5699996948
current: -30.6499996185
current: -30.4099998474
current: -30.0699996948
current: -30.2399997711
current: -29.4899997711
current: -28.6599998474
current: -28.0799999237
current: -27.75
current: -27.75
current: -27.6599998474
current: -27.6599998474
current: -27.6599998474
current: -27.6599998474
current: -27.6599998474
current: -27.75
current: -27.6599998474
current: -27.6599998474
current: -27.75
current: -27.75
current: -27.6599998474
current: -27.75
current: -27.75
current: -27.75
current: -28.1599998474
current: -28.8299999237
current: -29.4899997711
current: -29.9899997711
current: -30.0699996948
current: -30.0699996948
current: -29.9899997711
current: -29.9099998474
current: -29.8199996948
current: -29.7399997711
current: -29.7399997711
current: -29.6599998474
current: -29.6599998474
current: -29.6599998474
current: -29.6599998474
current: -29.6599998474
current: -29.6599998474
current: -29.6599998474
current: -29.6599998474
current: -29.7399997711
current: -28.6599998474
current: -27.75
current: -27.75
current: -29.1599998474
current: -29.5699996948
current: -29.9099998474
current: -29.9899997711
current: -29.9899997711
current: -29.9899997711
current: -31.2399997711
current: -31.8199996948
current: -31.8199996948
current: -31.8199996948
current: -31.7299995422
current: -31.6499996185
current: -30.3199996948
current: -29.8199996948
current: -29.5699996948
current: -29.4899997711
current: -29.4899997711
current: -29.4899997711
current: -29.4899997711
current: -29.5699996948
current: -29.5699996948
current: -29.6599998474
current: -29.6599998474
current: -29.5699996948
current: -29.6599998474
current: -29.6599998474
current: -29.6599998474
current: -29.6599998474
current: -29.6599998474
current: -29.6599998474
current: -29.7399997711
current: -29.6599998474
current: -29.7399997711
current: -29.6599998474
current: -29.6599998474
current: -29.7399997711
current: -29.6599998474
current: -29.6599998474
current: -29.6599998474
current: -29.6599998474
current: -29.4899997711
current: -29.4899997711
current: -29.4899997711
current: -29.4899997711
current: -29.6599998474
current: -29.7399997711
current: -29.8199996948
current: -29.9099998474
current: -28.1599998474
current: -27.9099998474
current: -27.8299999237
current: -27.8299999237
current: -27.9099998474
current: -28.0799999237
current: -29.6599998474
current: -30.0699996948
current: -30.1599998474
current: -30.2399997711
current: -30.2399997711
current: -30.2399997711
current: -30.1599998474
current: -30.1599998474
current: -30.1599998474
current: -30.1599998474
current: -30.0699996948
current: -30.0699996948
current: -30.0699996948
current: -30.0699996948
current: -30.0699996948
current: -29.9899997711
current: -29.9899997711
current: -29.9899997711
current: -29.9899997711
current: -29.9899